  [1m[35m (0.1ms)[0m  [1m[34mSELECT sqlite_version(*)[0m
  [1m[35m (1.3ms)[0m  [1m[35mCREATE TABLE "schema_migrations" ("version" varchar NOT NULL PRIMARY KEY)[0m
  [1m[35m (1.2ms)[0m  [1m[35mCREATE TABLE "ar_internal_metadata" ("key" varchar NOT NULL PRIMARY KEY, "value" varchar, "created_at" datetime NOT NULL, "updated_at" datetime NOT NULL)[0m
  [1m[35m (0.1ms)[0m  [1m[34mSELECT "schema_migrations"."version" FROM "schema_migrations" ORDER BY "schema_migrations"."version" ASC[0m
Migrating to CreateUsers (20190820074730)
  [1m[35m (0.1ms)[0m  [1m[36mbegin transaction[0m
  [1m[35m (0.4ms)[0m  [1m[35mCREATE TABLE "users" ("id" INTEGER PRIMARY KEY AUTOINCREMENT NOT NULL, "name" varchar, "email" varchar, "created_at" datetime NOT NULL, "updated_at" datetime NOT NULL)[0m
  [1m[35mSQL (0.1ms)[0m  [1m[32mINSERT INTO "schema_migrations" ("version") VALUES (?)[0m  [["version", "20190820074730"]]
  [1m[35m (1.1ms)[0m  [1m[36mcommit transaction[0m
  [1m[36mActiveRecord::InternalMetadata Load (0.1ms)[0m  [1m[34mSELECT  "ar_internal_metadata".* FROM "ar_internal_metadata" WHERE "ar_internal_metadata"."key" = ? LIMIT ?[0m  [["key", "environment"], ["LIMIT", 1]]
  [1m[35m (0.0ms)[0m  [1m[36mbegin transaction[0m
  [1m[35mSQL (0.3ms)[0m  [1m[32mINSERT INTO "ar_internal_metadata" ("key", "value", "created_at", "updated_at") VALUES (?, ?, ?, ?)[0m  [["key", "environment"], ["value", "development"], ["created_at", "2019-08-20 07:47:48.886851"], ["updated_at", "2019-08-20 07:47:48.886851"]]
  [1m[35m (1.0ms)[0m  [1m[36mcommit transaction[0m
  [1m[35m (0.1ms)[0m  [1m[34mSELECT "schema_migrations"."version" FROM "schema_migrations" ORDER BY "schema_migrations"."version" ASC[0m
Started GET "/" for 127.0.0.1 at 2019-08-20 16:50:20 +0900
  [1m[35m (0.1ms)[0m  [1m[34mSELECT "schema_migrations"."version" FROM "schema_migrations" ORDER BY "schema_migrations"."version" ASC[0m
Processing by ApplicationController#hello as HTML
  Rendering html template
  Rendered html template (0.0ms)
Completed 200 OK in 26ms (Views: 19.2ms | ActiveRecord: 0.0ms)


Started GET "/users" for 127.0.0.1 at 2019-08-20 16:51:11 +0900
Processing by UsersController#index as HTML
  Rendering users/index.html.erb within layouts/application
  [1m[36mUser Load (0.1ms)[0m  [1m[34mSELECT "users".* FROM "users"[0m
  Rendered users/index.html.erb within layouts/application (5.0ms)
Completed 200 OK in 704ms (Views: 692.8ms | ActiveRecord: 0.5ms)


Started GET "/users/new" for 127.0.0.1 at 2019-08-20 16:52:35 +0900
Processing by UsersController#new as HTML
  Rendering users/new.html.erb within layouts/application
  Rendered users/_form.html.erb (52.7ms)
  Rendered users/new.html.erb within layouts/application (54.7ms)
Completed 200 OK in 104ms (Views: 94.8ms | ActiveRecord: 0.5ms)


Started POST "/users" for 127.0.0.1 at 2019-08-20 16:52:43 +0900
Processing by UsersController#create as HTML
  Parameters: {"utf8"=>"âœ“", "authenticity_token"=>"Y1bmCH3AZJTFvZf7OFkhaWJKGJIye+toEtC/mcT6SjwYIPf/ieYNO8WzvnErzebhTpHHaRnDn5+WYfCu6UBwKw==", "user"=>{"name"=>"aaa", "email"=>"aa@bb.cc"}, "commit"=>"Create User"}
  [1m[35m (0.1ms)[0m  [1m[36mbegin transaction[0m
  [1m[35mSQL (0.4ms)[0m  [1m[32mINSERT INTO "users" ("name", "email", "created_at", "updated_at") VALUES (?, ?, ?, ?)[0m  [["name", "aaa"], ["email", "aa@bb.cc"], ["created_at", "2019-08-20 07:52:43.625187"], ["updated_at", "2019-08-20 07:52:43.625187"]]
  [1m[35m (0.7ms)[0m  [1m[36mcommit transaction[0m
Redirected to http://localhost:3000/users/1
Completed 302 Found in 5ms (ActiveRecord: 1.2ms)


Started GET "/users/1" for 127.0.0.1 at 2019-08-20 16:52:43 +0900
Processing by UsersController#show as HTML
  Parameters: {"id"=>"1"}
  [1m[36mUser Load (0.2ms)[0m  [1m[34mSELECT  "users".* FROM "users" WHERE "users"."id" = ? LIMIT ?[0m  [["id", 1], ["LIMIT", 1]]
  Rendering users/show.html.erb within layouts/application
  Rendered users/show.html.erb within layouts/application (0.6ms)
Completed 200 OK in 41ms (Views: 23.2ms | ActiveRecord: 0.2ms)


Started GET "/users/1" for 127.0.0.1 at 2019-08-20 16:55:02 +0900
Processing by UsersController#show as HTML
  Parameters: {"id"=>"1"}
  [1m[36mUser Load (0.1ms)[0m  [1m[34mSELECT  "users".* FROM "users" WHERE "users"."id" = ? LIMIT ?[0m  [["id", 1], ["LIMIT", 1]]
  Rendering users/show.html.erb within layouts/application
  Rendered users/show.html.erb within layouts/application (0.9ms)
Completed 200 OK in 50ms (Views: 36.5ms | ActiveRecord: 0.7ms)


Started GET "/" for 127.0.0.1 at 2019-08-20 16:55:04 +0900
Processing by UsersController#index as HTML
  Rendering users/index.html.erb within layouts/application
  [1m[36mUser Load (0.1ms)[0m  [1m[34mSELECT "users".* FROM "users"[0m
  Rendered users/index.html.erb within layouts/application (1.7ms)
Completed 200 OK in 28ms (Views: 26.9ms | ActiveRecord: 0.1ms)


  [1m[35m (0.1ms)[0m  [1m[34mSELECT "schema_migrations"."version" FROM "schema_migrations" ORDER BY "schema_migrations"."version" ASC[0m
Migrating to CreateMicroposts (20190820081141)
  [1m[35m (0.1ms)[0m  [1m[36mbegin transaction[0m
  [1m[35m (0.1ms)[0m  [1m[34mSELECT sqlite_version(*)[0m
  [1m[35m (0.3ms)[0m  [1m[35mCREATE TABLE "microposts" ("id" INTEGER PRIMARY KEY AUTOINCREMENT NOT NULL, "content" text, "user_id" integer, "created_at" datetime NOT NULL, "updated_at" datetime NOT NULL)[0m
  [1m[35mSQL (0.2ms)[0m  [1m[32mINSERT INTO "schema_migrations" ("version") VALUES (?)[0m  [["version", "20190820081141"]]
  [1m[35m (0.9ms)[0m  [1m[36mcommit transaction[0m
  [1m[36mActiveRecord::InternalMetadata Load (0.1ms)[0m  [1m[34mSELECT  "ar_internal_metadata".* FROM "ar_internal_metadata" WHERE "ar_internal_metadata"."key" = ? LIMIT ?[0m  [["key", "environment"], ["LIMIT", 1]]
  [1m[35m (0.0ms)[0m  [1m[36mbegin transaction[0m
  [1m[35m (0.0ms)[0m  [1m[36mcommit transaction[0m
  [1m[35m (0.1ms)[0m  [1m[34mSELECT "schema_migrations"."version" FROM "schema_migrations" ORDER BY "schema_migrations"."version" ASC[0m
Started GET "/" for 127.0.0.1 at 2019-08-20 17:14:22 +0900
  [1m[35m (0.1ms)[0m  [1m[34mSELECT "schema_migrations"."version" FROM "schema_migrations" ORDER BY "schema_migrations"."version" ASC[0m
Processing by UsersController#index as HTML
  Rendering users/index.html.erb within layouts/application
  [1m[36mUser Load (0.2ms)[0m  [1m[34mSELECT "users".* FROM "users"[0m
  Rendered users/index.html.erb within layouts/application (5.7ms)
Completed 200 OK in 121ms (Views: 112.1ms | ActiveRecord: 0.6ms)


Started GET "/users/1/edit" for 127.0.0.1 at 2019-08-20 17:14:27 +0900
Processing by UsersController#edit as HTML
  Parameters: {"id"=>"1"}
  [1m[36mUser Load (0.2ms)[0m  [1m[34mSELECT  "users".* FROM "users" WHERE "users"."id" = ? LIMIT ?[0m  [["id", 1], ["LIMIT", 1]]
  Rendering users/edit.html.erb within layouts/application
  Rendered users/_form.html.erb (2.2ms)
  Rendered users/edit.html.erb within layouts/application (7.1ms)
Completed 200 OK in 37ms (Views: 34.1ms | ActiveRecord: 0.2ms)


Started GET "/microposts/new" for 127.0.0.1 at 2019-08-20 17:14:38 +0900
Processing by MicropostsController#new as HTML
  Rendering microposts/new.html.erb within layouts/application
  Rendered microposts/_form.html.erb (20.3ms)
  Rendered microposts/new.html.erb within layouts/application (22.5ms)
Completed 200 OK in 56ms (Views: 47.7ms | ActiveRecord: 0.4ms)


Started POST "/microposts" for 127.0.0.1 at 2019-08-20 17:14:45 +0900
Processing by MicropostsController#create as HTML
  Parameters: {"utf8"=>"âœ“", "authenticity_token"=>"MPGPETjJrZ2vneo+NO0dEuZGnPYlTzVk5jcQyuSlqVYzAuXRaHYRm4ljgfoGxwom5NY3F9JxaXl9rRAXVgs7pA==", "micropost"=>{"content"=>"(æœ€å¾Œã®è¡Œã®ã‚ˆã†ã«exitã‚’å®Ÿè¡Œã™ã‚‹ã¨rails consoleã‚’çµ‚äº†ã§ãã¾ã™ã€‚å¤šãã®ã‚·ã‚¹ãƒ†ãƒ ã§ã¯ã€Ctrl-dã‚­ãƒ¼ã‚’æŠ¼ã—ã¦çµ‚äº†ã™ã‚‹ã“ã¨ã‚‚ã§ãã¾ã™ã€‚)8 first_user.micropostsã¨ã„ã†ã‚³ãƒ¼ãƒ‰ã‚’å®Ÿè¡Œã™ã‚‹ã¨ã€ãã®ãƒ¦ãƒ¼ã‚¶ãƒ¼ã«é–¢é€£ä»˜ã‘ã‚‰ã‚Œã¦ã„ã‚‹ãƒžã‚¤ã‚¯ãƒ­ãƒã‚¹ãƒˆã«ã‚¢ã‚¯ã‚»ã‚¹ã§ãã¾ã™ã€‚ã“ã®ã¨ãActive Recordã¯ã€user_idãŒfirst_userã®id (ã“ã“ã§ã¯1) ã¨ç­‰ã—ã„ãƒžã‚¤ã‚¯ãƒ­ãƒã‚¹ãƒˆã‚’è‡ªå‹•çš„ã«è¿”ã—ã¾ã™ã€‚Active Recordã®é–¢é€£ä»˜ã‘æ©Ÿèƒ½ã«ã¤ã„ã¦ã¯ç¬¬13ç« ã¨ç¬¬14ç« ã§è©³ã—ãè§£èª¬ã—ã¾ã™ã€‚", "user_id"=>""}, "commit"=>"Create Micropost"}
  [1m[35m (0.1ms)[0m  [1m[36mbegin transaction[0m
  [1m[35m (0.0ms)[0m  [1m[31mrollback transaction[0m
  Rendering microposts/new.html.erb within layouts/application
  Rendered microposts/_form.html.erb (1.9ms)
  Rendered microposts/new.html.erb within layouts/application (2.8ms)
Completed 200 OK in 31ms (Views: 28.9ms | ActiveRecord: 0.1ms)


Started POST "/microposts" for 127.0.0.1 at 2019-08-20 17:16:34 +0900
Processing by MicropostsController#create as HTML
  Parameters: {"utf8"=>"âœ“", "authenticity_token"=>"PiyUO4RaVn60REZ3ssktqkD/McyML/BMZspN7XRYKSc93/771OXqeJK6LbOA4zqeQm+aLXsRrFH9UE0wxva71Q==", "micropost"=>{"content"=>"(æœ€å¾Œã®è¡Œã®ã‚ˆã†ã«exitã‚’å®Ÿè¡Œã™ã‚‹ã¨rails consoleã‚’çµ‚äº†ã§ãã¾ã™ã€‚å¤šãã®ã‚·ã‚¹ãƒ†ãƒ ã§ã¯ã€Ctrl-dã‚­ãƒ¼ã‚’æŠ¼ã—ã¦çµ‚äº†ã™ã‚‹ã“ã¨ã‚‚ã§ãã¾ã™ã€‚)8 first_user.micropostsã¨ã„ã†ã‚³ãƒ¼ãƒ‰ã‚’å®Ÿè¡Œã™ã‚‹ã¨ã€ãã®ãƒ¦ãƒ¼ã‚¶ãƒ¼ã«é–¢é€£ä»˜ã‘ã‚‰ã‚Œã¦ã„ã‚‹ãƒžã‚¤ã‚¯ãƒ­ãƒã‚¹ãƒˆã«ã‚¢ã‚¯ã‚»ã‚¹ã§ãã¾ã™ã€‚ã“ã®ã¨ãActive Recordã¯ã€user_idãŒfirst_userã®id (ã“ã“ã§ã¯1) ã¨ç­‰ã—ã„ãƒžã‚¤ã‚¯ãƒ­ãƒã‚¹ãƒˆã‚’è‡ªå‹•çš„ã«è¿”ã—ã¾ã™ã€‚Active Recordã®é–¢é€£ä»˜ã‘æ©Ÿèƒ½ã«ã¤ã„ã¦ã¯ç¬¬13ç« ã¨ç¬¬14ç« ã§è©³ã—ãè§£èª¬ã—ã¾ã™ã€‚", "user_id"=>""}, "commit"=>"Create Micropost"}
  [1m[35m (0.1ms)[0m  [1m[36mbegin transaction[0m
  [1m[35m (0.0ms)[0m  [1m[31mrollback transaction[0m
Completed 500 Internal Server Error in 13ms (ActiveRecord: 0.8ms)


  
NoMethodError (undefined method `name' for #<Micropost:0x00007f9876a12eb0>):
  
app/controllers/microposts_controller.rb:30:in `block in create'
app/controllers/microposts_controller.rb:29:in `create'
Started POST "/microposts" for 127.0.0.1 at 2019-08-20 17:17:13 +0900
Processing by MicropostsController#create as HTML
  Parameters: {"utf8"=>"âœ“", "authenticity_token"=>"PiyUO4RaVn60REZ3ssktqkD/McyML/BMZspN7XRYKSc93/771OXqeJK6LbOA4zqeQm+aLXsRrFH9UE0wxva71Q==", "micropost"=>{"content"=>"(æœ€å¾Œã®è¡Œã®ã‚ˆã†ã«exitã‚’å®Ÿè¡Œã™ã‚‹ã¨rails consoleã‚’çµ‚äº†ã§ãã¾ã™ã€‚å¤šãã®ã‚·ã‚¹ãƒ†ãƒ ã§ã¯ã€Ctrl-dã‚­ãƒ¼ã‚’æŠ¼ã—ã¦çµ‚äº†ã™ã‚‹ã“ã¨ã‚‚ã§ãã¾ã™ã€‚)8 first_user.micropostsã¨ã„ã†ã‚³ãƒ¼ãƒ‰ã‚’å®Ÿè¡Œã™ã‚‹ã¨ã€ãã®ãƒ¦ãƒ¼ã‚¶ãƒ¼ã«é–¢é€£ä»˜ã‘ã‚‰ã‚Œã¦ã„ã‚‹ãƒžã‚¤ã‚¯ãƒ­ãƒã‚¹ãƒˆã«ã‚¢ã‚¯ã‚»ã‚¹ã§ãã¾ã™ã€‚ã“ã®ã¨ãActive Recordã¯ã€user_idãŒfirst_userã®id (ã“ã“ã§ã¯1) ã¨ç­‰ã—ã„ãƒžã‚¤ã‚¯ãƒ­ãƒã‚¹ãƒˆã‚’è‡ªå‹•çš„ã«è¿”ã—ã¾ã™ã€‚Active Recordã®é–¢é€£ä»˜ã‘æ©Ÿèƒ½ã«ã¤ã„ã¦ã¯ç¬¬13ç« ã¨ç¬¬14ç« ã§è©³ã—ãè§£èª¬ã—ã¾ã™ã€‚", "user_id"=>""}, "commit"=>"Create Micropost"}
  [1m[35m (0.1ms)[0m  [1m[36mbegin transaction[0m
  [1m[35m (0.0ms)[0m  [1m[31mrollback transaction[0m
  Rendering microposts/new.html.erb within layouts/application
  Rendered microposts/_form.html.erb (1.7ms)
  Rendered microposts/new.html.erb within layouts/application (2.7ms)
Completed 200 OK in 42ms (Views: 33.6ms | ActiveRecord: 0.7ms)


Started GET "/microposts" for 127.0.0.1 at 2019-08-20 17:17:17 +0900
Processing by MicropostsController#index as HTML
  Rendering microposts/index.html.erb within layouts/application
  [1m[36mMicropost Load (0.2ms)[0m  [1m[34mSELECT "microposts".* FROM "microposts"[0m
  Rendered microposts/index.html.erb within layouts/application (1.2ms)
Completed 200 OK in 28ms (Views: 25.4ms | ActiveRecord: 0.2ms)


Started GET "/" for 127.0.0.1 at 2019-08-20 17:17:20 +0900
Processing by UsersController#index as HTML
  Rendering users/index.html.erb within layouts/application
  [1m[36mUser Load (0.2ms)[0m  [1m[34mSELECT "users".* FROM "users"[0m
  Rendered users/index.html.erb within layouts/application (5.8ms)
Completed 200 OK in 37ms (Views: 33.3ms | ActiveRecord: 0.5ms)


Started GET "/users/new" for 127.0.0.1 at 2019-08-20 17:17:21 +0900
Processing by UsersController#new as HTML
  Rendering users/new.html.erb within layouts/application
  Rendered users/_form.html.erb (2.2ms)
  Rendered users/new.html.erb within layouts/application (3.5ms)
Completed 200 OK in 32ms (Views: 30.4ms | ActiveRecord: 0.0ms)


Started POST "/users" for 127.0.0.1 at 2019-08-20 17:17:23 +0900
Processing by UsersController#create as HTML
  Parameters: {"utf8"=>"âœ“", "authenticity_token"=>"SG9UKVcOqddNLpqDoqtIGv69Sicjqat+KXlhieTVV08zGUXeoyjAeE0gswmxP4+S0maV3AgR34mtyC6+yW9tWA==", "user"=>{"name"=>"", "email"=>""}, "commit"=>"Create User"}
  [1m[35m (0.1ms)[0m  [1m[36mbegin transaction[0m
  [1m[35m (0.0ms)[0m  [1m[31mrollback transaction[0m
  Rendering users/new.html.erb within layouts/application
  Rendered users/_form.html.erb (1.9ms)
  Rendered users/new.html.erb within layouts/application (2.8ms)
Completed 200 OK in 50ms (Views: 47.6ms | ActiveRecord: 0.1ms)


